SVC,sub_0,0.0001,linear,0.0001,0.7883426552840742
SVC,sub_1,0.0001,linear,0.0001,0.7833382396231969
SVC,sub_2,0.0001,linear,0.0001,0.7176920812481602
SVC,sub_3,0.0001,linear,0.0001,0.6870768324992641
SVC,sub_4,0.0001,linear,0.0001,0.6626435089785104
LR,sub_0,1,lbfgs,0.0001,0.7583161613188107
LR,sub_1,1,lbfgs,0.0001,0.7153370621136297
LR,sub_2,1,lbfgs,0.0001,0.7703856343832793
LR,sub_3,1,lbfgs,0.0001,0.6758904916102443
LR,sub_4,1,lbfgs,0.0001,0.45451869296438036
LR,sub_0,0.001,lbfgs,0.0001,0.7680306152487489
LR,sub_1,0.001,lbfgs,0.0001,0.7921695613776862
LR,sub_2,0.001,lbfgs,0.0001,0.7836326170150133
LR,sub_3,0.001,lbfgs,0.0001,0.746246688254342
LR,sub_4,0.001,lbfgs,0.0001,0.5955254636443921
LR,sub_0,0.0001,lbfgs,0.0001,0.7783338239623196
LR,sub_1,0.0001,lbfgs,0.0001,0.7833382396231969
LR,sub_2,0.0001,lbfgs,0.0001,0.7353547247571387
LR,sub_3,0.0001,lbfgs,0.0001,0.72328525169267
LR,sub_4,0.0001,lbfgs,0.0001,0.7176920812481602
AdaBoostClassifier,sub_0,50,1.0,SAMME.R,0.6535178098322049
AdaBoostClassifier,sub_1,50,1.0,SAMME.R,0.6367382984986752
AdaBoostClassifier,sub_2,50,1.0,SAMME.R,0.6340889019723285
AdaBoostClassifier,sub_3,50,1.0,SAMME.R,0.557256402708272
AdaBoostClassifier,sub_4,50,1.0,SAMME.R,0.5354724757138651
AdaBoostClassifier,sub_0,100,1.0,SAMME.R,0.6864880777156315
AdaBoostClassifier,sub_1,100,1.0,SAMME.R,0.6308507506623491
AdaBoostClassifier,sub_2,100,1.0,SAMME.R,0.6608772446276125
AdaBoostClassifier,sub_3,100,1.0,SAMME.R,0.6302619958787166
AdaBoostClassifier,sub_4,100,1.0,SAMME.R,0.5234030026493965
AdaBoostClassifier,sub_0,100,0.01,SAMME.R,0.7076832499264056
AdaBoostClassifier,sub_1,100,0.01,SAMME.R,0.55342949661466
AdaBoostClassifier,sub_2,100,0.01,SAMME.R,0.5284074183102738
AdaBoostClassifier,sub_3,100,0.01,SAMME.R,0.5784515749190462
AdaBoostClassifier,sub_4,100,0.01,SAMME.R,0.4671769208124816
AdaBoostClassifier,sub_0,100,0.1,SAMME.R,0.7539005004415661
AdaBoostClassifier,sub_1,100,0.1,SAMME.R,0.6891374742419782
AdaBoostClassifier,sub_2,100,0.1,SAMME.R,0.5896379158080659
AdaBoostClassifier,sub_3,100,0.1,SAMME.R,0.48277892257874594
AdaBoostClassifier,sub_4,100,0.1,SAMME.R,0.5042684721813365
AdaBoostClassifier,sub_0,100,1.0,SAMME.R,0.6864880777156315
AdaBoostClassifier,sub_1,100,1.0,SAMME.R,0.6308507506623491
AdaBoostClassifier,sub_2,100,1.0,SAMME.R,0.6608772446276125
AdaBoostClassifier,sub_3,100,1.0,SAMME.R,0.6302619958787166
AdaBoostClassifier,sub_4,100,1.0,SAMME.R,0.5234030026493965
AdaBoostClassifier,sub_0,100,1.0,SAMME.R,0.6864880777156315
AdaBoostClassifier,sub_1,100,1.0,SAMME.R,0.6308507506623491
AdaBoostClassifier,sub_2,100,1.0,SAMME.R,0.6608772446276125
AdaBoostClassifier,sub_3,100,1.0,SAMME.R,0.6302619958787166
AdaBoostClassifier,sub_4,100,1.0,SAMME.R,0.5234030026493965
LinearSVC,sub_0,0.001,0.0001,squared_hinge,0.7539005004415661
LinearSVC,sub_1,0.001,0.0001,squared_hinge,0.7406535178098322
LinearSVC,sub_2,0.001,0.0001,squared_hinge,0.7818663526641154
LinearSVC,sub_3,0.001,0.0001,squared_hinge,0.6753017368266118
LinearSVC,sub_4,0.001,0.0001,squared_hinge,0.5022078304386223
LinearSVC,sub_0,1,0.0001,squared_hinge,0.72328525169267
LinearSVC,sub_1,1,0.0001,squared_hinge,0.6252575802178393
LinearSVC,sub_2,1,0.0001,squared_hinge,0.6964969090373859
LinearSVC,sub_3,1,0.0001,squared_hinge,0.6393876950250221
LinearSVC,sub_4,1,0.0001,squared_hinge,0.4400942007653812
LinearSVC,sub_0,1,0.0001,squared_hinge,0.7235796290844864
LinearSVC,sub_1,1,0.0001,squared_hinge,0.6255519576096555
LinearSVC,sub_2,1,0.0001,squared_hinge,0.6967912864292022
LinearSVC,sub_3,1,0.0001,squared_hinge,0.6393876950250221
LinearSVC,sub_4,0.01,0.0001,squared_hinge,0.44745363556078893
LinearSVC,sub_0,0.01,0.0001,squared_hinge,0.7409478952016485
LinearSVC,sub_1,0.01,0.0001,squared_hinge,0.6576390933176333
LinearSVC,sub_2,0.01,0.0001,squared_hinge,0.7315278186635267
LinearSVC,sub_3,0.01,0.0001,squared_hinge,0.6414483367677363
LinearSVC,sub_4,0.01,0.0001,squared_hinge,0.44745363556078893
LinearSVC,sub_0,0.001,1e-05,squared_hinge,0.7539005004415661
LinearSVC,sub_1,0.001,1e-05,squared_hinge,0.7406535178098322
LinearSVC,sub_2,0.001,1e-05,squared_hinge,0.7818663526641154
LinearSVC,sub_3,0.001,1e-05,squared_hinge,0.6753017368266118
LinearSVC,sub_4,0.001,1e-05,squared_hinge,0.5022078304386223
LinearSVC,sub_0,0.001,1e-05,hinge,0.7777450691786871
LinearSVC,sub_1,0.001,1e-05,hinge,0.7512511039152193
LinearSVC,sub_2,0.001,1e-05,hinge,0.778628201354136
LinearSVC,sub_3,0.001,1e-05,hinge,0.6835443037974683
LinearSVC,sub_4,0.001,1e-05,hinge,0.5072122460994996
LinearSVC,sub_0,0.0001,1e-05,hinge,0.7347659699735061
LinearSVC,sub_1,0.0001,1e-05,hinge,0.7821607300559317
LinearSVC,sub_2,0.0001,1e-05,hinge,0.7886370326758905
LinearSVC,sub_3,0.0001,1e-05,hinge,0.730939063879894
LinearSVC,sub_4,0.0001,1e-05,hinge,0.5940535766853106
